<?xml version="1.0" encoding="UTF-8"?>
<!-- Generated by org.testng.reporters.JUnitXMLReporter -->
<testsuite ignored="0" hostname="LAPTOP-D0T5BIHF" failures="0" tests="3" name="Chrome" time="5.818" errors="0" timestamp="2022-10-22T21:53:33 IST">
  <testcase classname="parametersdemo.ParameterEx1" name="setup" time="2.388"/>
  <testcase classname="parametersdemo.ParameterEx1" name="website" time="2.372"/>
  <testcase classname="parametersdemo.ParameterEx1" name="SignIn" time="1.034"/>
</testsuite> <!-- Chrome -->
