<?xml version="1.0" encoding="UTF-8"?>
<!-- Generated by org.testng.reporters.JUnitXMLReporter -->
<testsuite ignored="0" hostname="LAPTOP-D0T5BIHF" failures="0" tests="3" name="Edge" time="5.605" errors="0" timestamp="2022-10-22T21:53:39 IST">
  <testcase classname="parametersdemo.ParameterEx1" name="setup" time="2.371"/>
  <testcase classname="parametersdemo.ParameterEx1" name="website" time="2.255"/>
  <testcase classname="parametersdemo.ParameterEx1" name="SignIn" time="0.975"/>
</testsuite> <!-- Edge -->
