<?xml version="1.0" encoding="UTF-8"?>
<!-- Generated by org.testng.reporters.JUnitXMLReporter -->
<testsuite ignored="0" hostname="LAPTOP-D0T5BIHF" failures="0" tests="3" name="Firefox" time="7.076" errors="0" timestamp="2022-10-22T21:53:46 IST">
  <testcase classname="parametersdemo.ParameterEx1" name="setup" time="3.437"/>
  <testcase classname="parametersdemo.ParameterEx1" name="website" time="2.572"/>
  <testcase classname="parametersdemo.ParameterEx1" name="SignIn" time="1.062"/>
</testsuite> <!-- Firefox -->
