<?xml version="1.0" encoding="UTF-8"?>
<!-- Generated by org.testng.reporters.JUnitXMLReporter -->
<testsuite ignored="0" hostname="LAPTOP-D0T5BIHF" failures="1" tests="4" name="Test" time="58.815" errors="0" timestamp="2022-11-07T18:40:42 IST">
  <testcase classname="listeners.RetryAnalyzer_Demo" name="launchchrome" time="11.515">
    <skipped/>
  </testcase> <!-- launchchrome -->
  <testcase classname="listeners.RetryAnalyzer_Demo" name="launchchrome" time="9.116">
    <skipped/>
  </testcase> <!-- launchchrome -->
  <testcase classname="listeners.RetryAnalyzer_Demo" name="launchchrome" time="14.76">
    <skipped/>
  </testcase> <!-- launchchrome -->
  <testcase classname="listeners.RetryAnalyzer_Demo" name="launchchrome" time="23.394">
    <failure type="java.lang.AssertionError" message="Titles of the website do not match expected [NSE - National Stock Exchange of India Ltd: Live Share/Stock Market News &amp;amp; Updates, Quotes- Nseindia.com] but found [nSE - National Stock Exchange of India Ltd: Live Share/Stock Market News &amp;amp; Updates, Quotes- Nseindia.com]">
      <![CDATA[java.lang.AssertionError: Titles of the website do not match expected [NSE - National Stock Exchange of India Ltd: Live Share/Stock Market News & Updates, Quotes- Nseindia.com] but found [nSE - National Stock Exchange of India Ltd: Live Share/Stock Market News & Updates, Quotes- Nseindia.com]
at listeners.RetryAnalyzer_Demo.launchchrome(RetryAnalyzer_Demo.java:16)
at java.base/java.util.ArrayList.forEach(ArrayList.java:1511)
... Removed 30 stack frames]]>
    </failure>
  </testcase> <!-- launchchrome -->
</testsuite> <!-- Test -->
