<?xml version="1.0" encoding="UTF-8"?>
<!-- Generated by org.testng.reporters.JUnitXMLReporter -->
<testsuite ignored="0" hostname="LAPTOP-D0T5BIHF" failures="0" tests="8" name="FirstTest" time="40.116" errors="0" timestamp="2022-10-15T12:07:37 IST">
  <testcase classname="TestNgPrograms.FirstTest" name="launch_chrome" time="6.817"/>
  <testcase classname="TestNgPrograms.FirstTest" name="launch_edge" time="6.4"/>
  <testcase classname="TestNgPrograms.FirstTest" name="launch_firefox" time="6.257"/>
  <testcase classname="TestNgPrograms.SecondTest" name="f" time="8.108"/>
  <testcase classname="TestNgPrograms.TestDemo" name="firsttest" time="12.411"/>
  <testcase classname="TestNgPrograms.TestDemo" name="fourthtest" time="0.041"/>
  <testcase classname="TestNgPrograms.TestDemo" name="secondtest" time="0.026"/>
  <testcase classname="TestNgPrograms.TestDemo" name="thirdtest" time="0.022"/>
</testsuite> <!-- FirstTest -->
