<?xml version="1.0" encoding="UTF-8"?>
<testng-results ignored="0" total="1" passed="1" failed="0" skipped="0">
  <reporter-output>
  </reporter-output>
  <suite started-at="2022-11-20T16:26:26 IST" name="Default suite" finished-at="2022-11-20T16:26:34 IST" duration-ms="7639">
    <groups>
    </groups>
    <test started-at="2022-11-20T16:26:26 IST" name="Default test" finished-at="2022-11-20T16:26:34 IST" duration-ms="7639">
      <class name="readexceldata.ReadExcel">
        <test-method signature="ReadData()[pri:0, instance:readexceldata.ReadExcel@2e005c4b]" started-at="2022-11-20T16:26:26 IST" name="ReadData" finished-at="2022-11-20T16:26:34 IST" duration-ms="7591" status="PASS">
          <reporter-output>
          </reporter-output>
        </test-method> <!-- ReadData -->
      </class> <!-- readexceldata.ReadExcel -->
    </test> <!-- Default test -->
  </suite> <!-- Default suite -->
</testng-results>
